2025-07-07 10:51:45,005 - INFO - main - setup_logging:64 - === JJCFPIS System Starting ===
2025-07-07 10:51:45,005 - INFO - main - setup_logging:65 - Version: 1.0.0
2025-07-07 10:51:45,005 - INFO - main - setup_logging:66 - Python Version: 3.13.3 (tags/v3.13.3:6280bb5, Apr  8 2025, 14:47:33) [MSC v.1943 64 bit (AMD64)]
2025-07-07 10:51:45,006 - INFO - main - setup_logging:67 - Working Directory: E:\JJCFPIS
2025-07-07 10:51:45,006 - INFO - main - setup_logging:68 - App Directory: e:\JJCFPIS\utils
2025-07-07 10:51:45,042 - WARNING - data_operations - <module>:17 - Smart cache not available, operations will run without caching
2025-07-07 10:51:45,042 - WARNING - main - <module>:244 - Advanced systems initialization failed, using legacy mode: name 'cached_result' is not defined
2025-07-07 10:51:45,280 - INFO - database_manager - _initialize_pool:155 - Connection 1/5 added to pool
2025-07-07 10:51:45,297 - INFO - database_manager - _initialize_pool:155 - Connection 2/5 added to pool
2025-07-07 10:51:45,322 - INFO - database_manager - _initialize_pool:155 - Connection 3/5 added to pool
2025-07-07 10:51:45,339 - INFO - database_manager - _initialize_pool:155 - Connection 4/5 added to pool
2025-07-07 10:51:45,363 - INFO - database_manager - _initialize_pool:155 - Connection 5/5 added to pool
2025-07-07 10:51:45,364 - INFO - database_manager - start_monitoring:40 - Database health monitoring started
2025-07-07 10:51:45,365 - INFO - access_connector - __init__:24 - AccessConnector using advanced database manager
2025-07-07 10:51:45,412 - INFO - main - validate_system_integrity:102 - Database validation successful - ML table has 175 records
2025-07-07 10:51:45,412 - INFO - main - validate_system_integrity:108 - System integrity validation passed
2025-07-07 10:51:45,429 - INFO - database_manager - check_health:104 - Database health check: degraded (response time: 0.064s)
2025-07-07 10:51:45,493 - INFO - main - create_system_backup:137 - Backed up: database/JJCFPIS.accdb
2025-07-07 10:51:45,495 - INFO - main - create_system_backup:137 - Backed up: database/logs.xlsx
2025-07-07 10:51:45,620 - INFO - main - create_system_backup:137 - Backed up: gui/config/emplst/Employee List.accdb
2025-07-07 10:51:45,621 - INFO - main - create_system_backup:142 - System backup completed: 3 files backed up to e:\JJCFPIS\utils\backups\20250707_105145
2025-07-07 10:51:45,623 - INFO - main - setup_logging:64 - === JJCFPIS System Starting ===
2025-07-07 10:51:45,623 - INFO - main - setup_logging:65 - Version: 1.0.0
2025-07-07 10:51:45,623 - INFO - main - setup_logging:66 - Python Version: 3.13.3 (tags/v3.13.3:6280bb5, Apr  8 2025, 14:47:33) [MSC v.1943 64 bit (AMD64)]
2025-07-07 10:51:45,624 - INFO - main - setup_logging:67 - Working Directory: E:\JJCFPIS
2025-07-07 10:51:45,624 - INFO - main - setup_logging:68 - App Directory: e:\JJCFPIS\utils
2025-07-07 10:51:45,694 - INFO - main - create_system_backup:137 - Backed up: database/JJCFPIS.accdb
2025-07-07 10:51:45,697 - INFO - main - create_system_backup:137 - Backed up: database/logs.xlsx
2025-07-07 10:51:45,777 - INFO - main - create_system_backup:137 - Backed up: gui/config/emplst/Employee List.accdb
2025-07-07 10:51:45,778 - INFO - main - create_system_backup:142 - System backup completed: 3 files backed up to e:\JJCFPIS\utils\backups\20250707_105145
2025-07-07 10:51:45,778 - INFO - access_connector - __init__:24 - AccessConnector using advanced database manager
2025-07-07 10:51:45,922 - INFO - main - validate_system_integrity:102 - Database validation successful - ML table has 175 records
2025-07-07 10:51:45,922 - INFO - main - validate_system_integrity:108 - System integrity validation passed
2025-07-07 10:51:58,963 - INFO - main - start_welcome_window:362 - Starting welcome window...
2025-07-07 10:52:15,448 - INFO - database_manager - check_health:104 - Database health check: degraded (response time: 0.019s)
2025-07-07 10:52:34,072 - INFO - access_connector - __init__:24 - AccessConnector using advanced database manager
2025-07-07 10:52:34,096 - INFO - access_connector - __init__:24 - AccessConnector using advanced database manager
2025-07-07 10:52:34,602 - INFO - access_connector - __init__:24 - AccessConnector using advanced database manager
2025-07-07 10:52:36,518 - INFO - access_connector - __init__:24 - AccessConnector using advanced database manager
2025-07-07 10:52:38,738 - WARNING - data_operations - <module>:17 - Smart cache not available, operations will run without caching
2025-07-07 10:52:38,738 - ERROR - admin_dashboard - open_system_diagnostics:1170 - Failed to open system diagnostics: name 'cached_result' is not defined
2025-07-07 10:52:45,469 - INFO - database_manager - check_health:104 - Database health check: degraded (response time: 0.020s)
2025-07-07 10:52:46,824 - INFO - access_connector - __init__:24 - AccessConnector using advanced database manager
2025-07-07 10:52:48,601 - INFO - main - setup_logging:64 - === JJCFPIS System Starting ===
2025-07-07 10:52:48,601 - INFO - main - setup_logging:65 - Version: 1.0.0
2025-07-07 10:52:48,601 - INFO - main - setup_logging:66 - Python Version: 3.13.3 (tags/v3.13.3:6280bb5, Apr  8 2025, 14:47:33) [MSC v.1943 64 bit (AMD64)]
2025-07-07 10:52:48,601 - INFO - main - setup_logging:67 - Working Directory: E:\JJCFPIS
2025-07-07 10:52:48,601 - INFO - main - setup_logging:68 - App Directory: e:\JJCFPIS\utils
2025-07-07 10:52:48,603 - WARNING - data_operations - <module>:17 - Smart cache not available, operations will run without caching
2025-07-07 10:52:48,603 - WARNING - main - <module>:244 - Advanced systems initialization failed, using legacy mode: name 'cached_result' is not defined
2025-07-07 10:52:48,603 - INFO - access_connector - __init__:24 - AccessConnector using advanced database manager
2025-07-07 10:52:48,622 - INFO - main - validate_system_integrity:102 - Database validation successful - ML table has 175 records
2025-07-07 10:52:48,623 - INFO - main - validate_system_integrity:108 - System integrity validation passed
2025-07-07 10:52:48,693 - INFO - main - create_system_backup:137 - Backed up: database/JJCFPIS.accdb
2025-07-07 10:52:48,696 - INFO - main - create_system_backup:137 - Backed up: database/logs.xlsx
2025-07-07 10:52:48,764 - INFO - main - create_system_backup:137 - Backed up: gui/config/emplst/Employee List.accdb
2025-07-07 10:52:48,765 - INFO - main - create_system_backup:142 - System backup completed: 3 files backed up to e:\JJCFPIS\utils\backups\20250707_105248
2025-07-07 10:52:51,464 - ERROR - database_manager - get_connection:208 - Database connection error: ('42S02', "[42S02] [Microsoft][ODBC Microsoft Access Driver] The Microsoft Access database engine cannot find the input table or query 'Employee Lists'. Make sure it exists and that its name is spelled correctly. (-1305) (SQLExecDirectW)")
2025-07-07 10:52:51,465 - WARNING - database_manager - execute_query:259 - Query attempt 1 failed: ('42S02', "[42S02] [Microsoft][ODBC Microsoft Access Driver] The Microsoft Access database engine cannot find the input table or query 'Employee Lists'. Make sure it exists and that its name is spelled correctly. (-1305) (SQLExecDirectW)")
2025-07-07 10:52:51,966 - ERROR - database_manager - get_connection:208 - Database connection error: ('42S02', "[42S02] [Microsoft][ODBC Microsoft Access Driver] The Microsoft Access database engine cannot find the input table or query 'Employee Lists'. Make sure it exists and that its name is spelled correctly. (-1305) (SQLExecDirectW)")
2025-07-07 10:52:51,966 - WARNING - database_manager - execute_query:259 - Query attempt 2 failed: ('42S02', "[42S02] [Microsoft][ODBC Microsoft Access Driver] The Microsoft Access database engine cannot find the input table or query 'Employee Lists'. Make sure it exists and that its name is spelled correctly. (-1305) (SQLExecDirectW)")
2025-07-07 10:52:52,968 - ERROR - database_manager - get_connection:208 - Database connection error: ('42S02', "[42S02] [Microsoft][ODBC Microsoft Access Driver] The Microsoft Access database engine cannot find the input table or query 'Employee Lists'. Make sure it exists and that its name is spelled correctly. (-1305) (SQLExecDirectW)")
2025-07-07 10:52:52,969 - WARNING - database_manager - execute_query:259 - Query attempt 3 failed: ('42S02', "[42S02] [Microsoft][ODBC Microsoft Access Driver] The Microsoft Access database engine cannot find the input table or query 'Employee Lists'. Make sure it exists and that its name is spelled correctly. (-1305) (SQLExecDirectW)")
2025-07-07 10:52:52,969 - WARNING - access_connector - get_2fa_secret:77 - Advanced database 2FA query failed, falling back: Query failed after 3 attempts: ('42S02', "[42S02] [Microsoft][ODBC Microsoft Access Driver] The Microsoft Access database engine cannot find the input table or query 'Employee Lists'. Make sure it exists and that its name is spelled correctly. (-1305) (SQLExecDirectW)")
2025-07-07 10:53:09,027 - WARNING - data_operations - <module>:17 - Smart cache not available, operations will run without caching
2025-07-07 10:53:09,027 - WARNING - main - <module>:402 - Cleanup error: name 'cached_result' is not defined
2025-07-07 10:54:58,501 - INFO - main - setup_logging:64 - === JJCFPIS System Starting ===
2025-07-07 10:54:58,501 - INFO - main - setup_logging:65 - Version: 1.0.0
2025-07-07 10:54:58,502 - INFO - main - setup_logging:66 - Python Version: 3.13.3 (tags/v3.13.3:6280bb5, Apr  8 2025, 14:47:33) [MSC v.1943 64 bit (AMD64)]
2025-07-07 10:54:58,502 - INFO - main - setup_logging:67 - Working Directory: E:\JJCFPIS
2025-07-07 10:54:58,502 - INFO - main - setup_logging:68 - App Directory: e:\JJCFPIS\utils
2025-07-07 10:54:58,504 - WARNING - data_operations - <module>:17 - Smart cache not available, operations will run without caching
2025-07-07 10:54:58,504 - WARNING - main - <module>:244 - Advanced systems initialization failed, using legacy mode: name 'cached_result' is not defined
2025-07-07 10:54:58,696 - INFO - database_manager - _initialize_pool:155 - Connection 1/5 added to pool
2025-07-07 10:54:58,711 - INFO - database_manager - _initialize_pool:155 - Connection 2/5 added to pool
2025-07-07 10:54:58,727 - INFO - database_manager - _initialize_pool:155 - Connection 3/5 added to pool
2025-07-07 10:54:58,742 - INFO - database_manager - _initialize_pool:155 - Connection 4/5 added to pool
2025-07-07 10:54:58,758 - INFO - database_manager - _initialize_pool:155 - Connection 5/5 added to pool
2025-07-07 10:54:58,759 - INFO - database_manager - start_monitoring:40 - Database health monitoring started
2025-07-07 10:54:58,759 - INFO - access_connector - __init__:24 - AccessConnector using advanced database manager
2025-07-07 10:54:58,784 - INFO - main - validate_system_integrity:102 - Database validation successful - ML table has 175 records
2025-07-07 10:54:58,784 - INFO - main - validate_system_integrity:108 - System integrity validation passed
2025-07-07 10:54:58,812 - INFO - database_manager - check_health:104 - Database health check: degraded (response time: 0.053s)
2025-07-07 10:54:58,859 - INFO - main - create_system_backup:137 - Backed up: database/JJCFPIS.accdb
2025-07-07 10:54:58,862 - INFO - main - create_system_backup:137 - Backed up: database/logs.xlsx
2025-07-07 10:54:58,932 - INFO - main - create_system_backup:137 - Backed up: gui/config/emplst/Employee List.accdb
2025-07-07 10:54:58,932 - INFO - main - create_system_backup:142 - System backup completed: 3 files backed up to e:\JJCFPIS\utils\backups\20250707_105458
2025-07-07 10:54:58,935 - INFO - main - setup_logging:64 - === JJCFPIS System Starting ===
2025-07-07 10:54:58,935 - INFO - main - setup_logging:65 - Version: 1.0.0
2025-07-07 10:54:58,935 - INFO - main - setup_logging:66 - Python Version: 3.13.3 (tags/v3.13.3:6280bb5, Apr  8 2025, 14:47:33) [MSC v.1943 64 bit (AMD64)]
2025-07-07 10:54:58,935 - INFO - main - setup_logging:67 - Working Directory: E:\JJCFPIS
2025-07-07 10:54:58,935 - INFO - main - setup_logging:68 - App Directory: e:\JJCFPIS\utils
2025-07-07 10:54:59,004 - INFO - main - create_system_backup:137 - Backed up: database/JJCFPIS.accdb
2025-07-07 10:54:59,008 - INFO - main - create_system_backup:137 - Backed up: database/logs.xlsx
2025-07-07 10:54:59,077 - INFO - main - create_system_backup:137 - Backed up: gui/config/emplst/Employee List.accdb
2025-07-07 10:54:59,078 - INFO - main - create_system_backup:142 - System backup completed: 3 files backed up to e:\JJCFPIS\utils\backups\20250707_105458
2025-07-07 10:54:59,078 - INFO - access_connector - __init__:24 - AccessConnector using advanced database manager
2025-07-07 10:54:59,100 - INFO - main - validate_system_integrity:102 - Database validation successful - ML table has 175 records
2025-07-07 10:54:59,100 - INFO - main - validate_system_integrity:108 - System integrity validation passed
2025-07-07 10:55:11,783 - INFO - main - start_welcome_window:362 - Starting welcome window...
2025-07-07 10:55:28,832 - INFO - database_manager - check_health:104 - Database health check: degraded (response time: 0.020s)
2025-07-07 10:55:36,245 - INFO - access_connector - __init__:24 - AccessConnector using advanced database manager
2025-07-07 10:55:36,271 - INFO - access_connector - __init__:24 - AccessConnector using advanced database manager
2025-07-07 10:55:36,659 - INFO - access_connector - __init__:24 - AccessConnector using advanced database manager
2025-07-07 10:55:38,896 - WARNING - data_operations - <module>:17 - Smart cache not available, operations will run without caching
2025-07-07 10:55:38,896 - ERROR - admin_dashboard - open_system_diagnostics:1170 - Failed to open system diagnostics: name 'cached_result' is not defined
2025-07-07 10:55:58,852 - INFO - database_manager - check_health:104 - Database health check: degraded (response time: 0.019s)
2025-07-07 10:56:28,872 - INFO - database_manager - check_health:104 - Database health check: degraded (response time: 0.020s)
2025-07-07 10:56:51,152 - INFO - access_connector - __init__:24 - AccessConnector using advanced database manager
2025-07-07 10:56:52,023 - INFO - access_connector - __init__:24 - AccessConnector using advanced database manager
2025-07-07 10:56:52,757 - INFO - main - setup_logging:64 - === JJCFPIS System Starting ===
2025-07-07 10:56:52,757 - INFO - main - setup_logging:65 - Version: 1.0.0
2025-07-07 10:56:52,757 - INFO - main - setup_logging:66 - Python Version: 3.13.3 (tags/v3.13.3:6280bb5, Apr  8 2025, 14:47:33) [MSC v.1943 64 bit (AMD64)]
2025-07-07 10:56:52,757 - INFO - main - setup_logging:67 - Working Directory: E:\JJCFPIS
2025-07-07 10:56:52,758 - INFO - main - setup_logging:68 - App Directory: e:\JJCFPIS\utils
2025-07-07 10:56:52,776 - WARNING - data_operations - <module>:17 - Smart cache not available, operations will run without caching
2025-07-07 10:56:52,794 - INFO - database_manager - _initialize_pool:155 - Connection 1/5 added to pool
2025-07-07 10:56:52,810 - INFO - database_manager - _initialize_pool:155 - Connection 2/5 added to pool
2025-07-07 10:56:52,825 - INFO - database_manager - _initialize_pool:155 - Connection 3/5 added to pool
2025-07-07 10:56:52,848 - INFO - database_manager - _initialize_pool:155 - Connection 4/5 added to pool
2025-07-07 10:56:52,872 - INFO - database_manager - _initialize_pool:155 - Connection 5/5 added to pool
2025-07-07 10:56:52,872 - INFO - database_manager - start_monitoring:40 - Database health monitoring started
2025-07-07 10:56:52,872 - INFO - database_manager - initialize_database_manager:324 - Database manager initialized with pool size 5
2025-07-07 10:56:52,873 - INFO - main - <module>:233 - Advanced database manager initialized
2025-07-07 10:56:52,873 - INFO - data_operations - __init__:57 - DataOperations using advanced database manager
2025-07-07 10:56:52,873 - INFO - data_operations - initialize_data_operations:350 - DataOperations initialized with database: e:\JJCFPIS\utils\database\JJCFPIS.accdb
2025-07-07 10:56:52,873 - INFO - main - <module>:237 - Smart data operations with caching initialized
2025-07-07 10:56:52,873 - INFO - performance_monitor - __init__:53 - Performance monitor initialized
2025-07-07 10:56:52,873 - INFO - performance_monitor - get_performance_monitor:303 - Performance monitor instance created
2025-07-07 10:56:52,873 - INFO - performance_monitor - monitor_loop:64 - Performance monitoring started
2025-07-07 10:56:52,873 - INFO - main - <module>:241 - Real-time performance monitoring started
2025-07-07 10:56:52,885 - INFO - access_connector - __init__:24 - AccessConnector using advanced database manager
2025-07-07 10:56:52,902 - INFO - database_manager - check_health:104 - Database health check: degraded (response time: 0.030s)
2025-07-07 10:56:52,915 - INFO - main - validate_system_integrity:102 - Database validation successful - ML table has 175 records
2025-07-07 10:56:52,915 - INFO - main - validate_system_integrity:108 - System integrity validation passed
2025-07-07 10:56:52,985 - INFO - main - create_system_backup:137 - Backed up: database/JJCFPIS.accdb
2025-07-07 10:56:52,988 - INFO - main - create_system_backup:137 - Backed up: database/logs.xlsx
2025-07-07 10:56:53,069 - INFO - main - create_system_backup:137 - Backed up: gui/config/emplst/Employee List.accdb
2025-07-07 10:56:53,070 - INFO - main - create_system_backup:142 - System backup completed: 3 files backed up to e:\JJCFPIS\utils\backups\20250707_105652
2025-07-07 10:56:54,782 - INFO - access_connector - __init__:24 - AccessConnector using advanced database manager
2025-07-07 10:56:58,964 - INFO - database_manager - check_health:104 - Database health check: degraded (response time: 0.090s)
2025-07-07 10:57:22,942 - INFO - database_manager - check_health:104 - Database health check: degraded (response time: 0.039s)
2025-07-07 10:57:29,001 - INFO - database_manager - check_health:104 - Database health check: degraded (response time: 0.037s)
2025-07-07 10:57:52,965 - INFO - database_manager - check_health:104 - Database health check: degraded (response time: 0.023s)
2025-07-07 10:57:59,025 - INFO - database_manager - check_health:104 - Database health check: degraded (response time: 0.024s)
2025-07-07 10:58:22,991 - INFO - database_manager - check_health:104 - Database health check: degraded (response time: 0.025s)
2025-07-07 10:58:29,068 - INFO - database_manager - check_health:104 - Database health check: degraded (response time: 0.042s)
2025-07-07 10:58:53,021 - INFO - database_manager - check_health:104 - Database health check: degraded (response time: 0.029s)
2025-07-07 10:58:59,095 - INFO - database_manager - check_health:104 - Database health check: degraded (response time: 0.027s)
2025-07-07 10:59:23,045 - INFO - database_manager - check_health:104 - Database health check: degraded (response time: 0.022s)
2025-07-07 10:59:29,122 - INFO - database_manager - check_health:104 - Database health check: degraded (response time: 0.026s)
2025-07-07 10:59:53,067 - INFO - database_manager - check_health:104 - Database health check: degraded (response time: 0.022s)
2025-07-07 10:59:59,163 - INFO - database_manager - check_health:104 - Database health check: degraded (response time: 0.040s)
2025-07-07 11:00:23,089 - INFO - database_manager - check_health:104 - Database health check: degraded (response time: 0.022s)
2025-07-07 11:00:29,187 - INFO - database_manager - check_health:104 - Database health check: degraded (response time: 0.024s)
2025-07-07 11:00:53,111 - INFO - database_manager - check_health:104 - Database health check: degraded (response time: 0.022s)
2025-07-07 11:01:04,080 - INFO - main - setup_logging:64 - === JJCFPIS System Starting ===
2025-07-07 11:01:04,080 - INFO - main - setup_logging:65 - Version: 1.0.0
2025-07-07 11:01:04,081 - INFO - main - setup_logging:66 - Python Version: 3.13.3 (tags/v3.13.3:6280bb5, Apr  8 2025, 14:47:33) [MSC v.1943 64 bit (AMD64)]
2025-07-07 11:01:04,081 - INFO - main - setup_logging:67 - Working Directory: E:\JJCFPIS
2025-07-07 11:01:04,081 - INFO - main - setup_logging:68 - App Directory: e:\JJCFPIS\utils
2025-07-07 11:01:04,103 - WARNING - data_operations - <module>:17 - Smart cache not available, using fallback decorators
2025-07-07 11:01:04,305 - INFO - database_manager - _initialize_pool:155 - Connection 1/5 added to pool
2025-07-07 11:01:04,322 - INFO - database_manager - _initialize_pool:155 - Connection 2/5 added to pool
2025-07-07 11:01:04,343 - INFO - database_manager - _initialize_pool:155 - Connection 3/5 added to pool
2025-07-07 11:01:04,360 - INFO - database_manager - _initialize_pool:155 - Connection 4/5 added to pool
2025-07-07 11:01:04,377 - INFO - database_manager - _initialize_pool:155 - Connection 5/5 added to pool
2025-07-07 11:01:04,377 - INFO - database_manager - start_monitoring:40 - Database health monitoring started
2025-07-07 11:01:04,377 - INFO - database_manager - initialize_database_manager:324 - Database manager initialized with pool size 5
2025-07-07 11:01:04,377 - INFO - main - <module>:233 - Advanced database manager initialized
2025-07-07 11:01:04,377 - INFO - data_operations - __init__:50 - DataOperations using advanced database manager
2025-07-07 11:01:04,377 - INFO - data_operations - initialize_data_operations:343 - DataOperations initialized with database: e:\JJCFPIS\utils\database\JJCFPIS.accdb
2025-07-07 11:01:04,378 - INFO - main - <module>:237 - Smart data operations with caching initialized
2025-07-07 11:01:04,378 - INFO - performance_monitor - __init__:53 - Performance monitor initialized
2025-07-07 11:01:04,378 - INFO - performance_monitor - get_performance_monitor:303 - Performance monitor instance created
2025-07-07 11:01:04,378 - INFO - performance_monitor - monitor_loop:64 - Performance monitoring started
2025-07-07 11:01:04,378 - INFO - main - <module>:241 - Real-time performance monitoring started
2025-07-07 11:01:04,389 - INFO - access_connector - __init__:24 - AccessConnector using advanced database manager
2025-07-07 11:01:04,403 - INFO - database_manager - check_health:104 - Database health check: degraded (response time: 0.026s)
2025-07-07 11:01:04,424 - INFO - main - validate_system_integrity:102 - Database validation successful - ML table has 175 records
2025-07-07 11:01:04,424 - INFO - main - validate_system_integrity:108 - System integrity validation passed
2025-07-07 11:01:04,495 - INFO - main - create_system_backup:137 - Backed up: database/JJCFPIS.accdb
2025-07-07 11:01:04,500 - INFO - main - create_system_backup:137 - Backed up: database/logs.xlsx
2025-07-07 11:01:04,568 - INFO - main - create_system_backup:137 - Backed up: gui/config/emplst/Employee List.accdb
2025-07-07 11:01:04,569 - INFO - main - create_system_backup:142 - System backup completed: 3 files backed up to e:\JJCFPIS\utils\backups\20250707_110104
2025-07-07 11:01:04,573 - INFO - main - setup_logging:64 - === JJCFPIS System Starting ===
2025-07-07 11:01:04,573 - INFO - main - setup_logging:65 - Version: 1.0.0
2025-07-07 11:01:04,573 - INFO - main - setup_logging:66 - Python Version: 3.13.3 (tags/v3.13.3:6280bb5, Apr  8 2025, 14:47:33) [MSC v.1943 64 bit (AMD64)]
2025-07-07 11:01:04,573 - INFO - main - setup_logging:67 - Working Directory: E:\JJCFPIS
2025-07-07 11:01:04,574 - INFO - main - setup_logging:68 - App Directory: e:\JJCFPIS\utils
2025-07-07 11:01:04,643 - INFO - main - create_system_backup:137 - Backed up: database/JJCFPIS.accdb
2025-07-07 11:01:04,646 - INFO - main - create_system_backup:137 - Backed up: database/logs.xlsx
2025-07-07 11:01:04,717 - INFO - main - create_system_backup:137 - Backed up: gui/config/emplst/Employee List.accdb
2025-07-07 11:01:04,717 - INFO - main - create_system_backup:142 - System backup completed: 3 files backed up to e:\JJCFPIS\utils\backups\20250707_110104
2025-07-07 11:01:04,717 - INFO - access_connector - __init__:24 - AccessConnector using advanced database manager
2025-07-07 11:01:04,746 - INFO - main - validate_system_integrity:102 - Database validation successful - ML table has 175 records
2025-07-07 11:01:04,746 - INFO - main - validate_system_integrity:108 - System integrity validation passed
2025-07-07 11:01:17,479 - INFO - main - start_welcome_window:381 - Starting welcome window...
2025-07-07 11:01:34,427 - INFO - database_manager - check_health:104 - Database health check: degraded (response time: 0.023s)
2025-07-07 11:01:34,953 - INFO - access_connector - __init__:24 - AccessConnector using advanced database manager
2025-07-07 11:01:34,980 - INFO - access_connector - __init__:24 - AccessConnector using advanced database manager
2025-07-07 11:01:35,381 - INFO - access_connector - __init__:24 - AccessConnector using advanced database manager
2025-07-07 11:01:45,236 - INFO - access_connector - __init__:24 - AccessConnector using advanced database manager
2025-07-07 11:01:45,698 - INFO - access_connector - __init__:24 - AccessConnector using advanced database manager
2025-07-07 11:02:04,452 - INFO - database_manager - check_health:104 - Database health check: degraded (response time: 0.023s)
2025-07-07 11:02:08,673 - INFO - database_manager - check_health:104 - Database health check: degraded (response time: 0.026s)
2025-07-07 11:02:34,476 - INFO - database_manager - check_health:104 - Database health check: degraded (response time: 0.024s)
2025-07-07 11:02:36,609 - INFO - main - setup_logging:64 - === JJCFPIS System Starting ===
2025-07-07 11:02:36,610 - INFO - main - setup_logging:65 - Version: 1.0.0
2025-07-07 11:02:36,610 - INFO - main - setup_logging:66 - Python Version: 3.13.3 (tags/v3.13.3:6280bb5, Apr  8 2025, 14:47:33) [MSC v.1943 64 bit (AMD64)]
2025-07-07 11:02:36,610 - INFO - main - setup_logging:67 - Working Directory: E:\JJCFPIS
2025-07-07 11:02:36,610 - INFO - main - setup_logging:68 - App Directory: e:\JJCFPIS\utils
2025-07-07 11:02:36,632 - INFO - database_manager - _initialize_pool:155 - Connection 1/5 added to pool
2025-07-07 11:02:36,650 - INFO - database_manager - _initialize_pool:155 - Connection 2/5 added to pool
2025-07-07 11:02:36,667 - INFO - database_manager - _initialize_pool:155 - Connection 3/5 added to pool
2025-07-07 11:02:36,691 - INFO - database_manager - _initialize_pool:155 - Connection 4/5 added to pool
2025-07-07 11:02:36,709 - INFO - database_manager - _initialize_pool:155 - Connection 5/5 added to pool
2025-07-07 11:02:36,709 - INFO - database_manager - start_monitoring:40 - Database health monitoring started
2025-07-07 11:02:36,709 - INFO - database_manager - initialize_database_manager:324 - Database manager initialized with pool size 5
2025-07-07 11:02:36,709 - INFO - main - <module>:233 - Advanced database manager initialized
2025-07-07 11:02:36,710 - INFO - data_operations - __init__:50 - DataOperations using advanced database manager
2025-07-07 11:02:36,710 - INFO - data_operations - initialize_data_operations:343 - DataOperations initialized with database: e:\JJCFPIS\utils\database\JJCFPIS.accdb
2025-07-07 11:02:36,710 - INFO - main - <module>:237 - Smart data operations with caching initialized
2025-07-07 11:02:36,710 - WARNING - performance_monitor - start_monitoring:58 - Performance monitoring already active
2025-07-07 11:02:36,710 - INFO - main - <module>:241 - Real-time performance monitoring started
2025-07-07 11:02:36,710 - INFO - access_connector - __init__:24 - AccessConnector using advanced database manager
2025-07-07 11:02:36,743 - INFO - database_manager - check_health:104 - Database health check: degraded (response time: 0.033s)
2025-07-07 11:02:36,744 - INFO - main - validate_system_integrity:102 - Database validation successful - ML table has 175 records
2025-07-07 11:02:36,744 - INFO - main - validate_system_integrity:108 - System integrity validation passed
2025-07-07 11:02:36,816 - INFO - main - create_system_backup:137 - Backed up: database/JJCFPIS.accdb
2025-07-07 11:02:36,820 - INFO - main - create_system_backup:137 - Backed up: database/logs.xlsx
2025-07-07 11:02:36,890 - INFO - main - create_system_backup:137 - Backed up: gui/config/emplst/Employee List.accdb
2025-07-07 11:02:36,891 - INFO - main - create_system_backup:142 - System backup completed: 3 files backed up to e:\JJCFPIS\utils\backups\20250707_110236
2025-07-07 11:02:36,972 - INFO - main - create_system_backup:137 - Backed up: database/JJCFPIS.accdb
2025-07-07 11:02:36,975 - INFO - main - create_system_backup:137 - Backed up: database/logs.xlsx
2025-07-07 11:02:37,045 - INFO - main - create_system_backup:137 - Backed up: gui/config/emplst/Employee List.accdb
2025-07-07 11:02:37,045 - INFO - main - create_system_backup:142 - System backup completed: 3 files backed up to e:\JJCFPIS\utils\backups\20250707_110236
2025-07-07 11:02:40,136 - INFO - access_connector - __init__:24 - AccessConnector using advanced database manager
2025-07-07 11:02:40,564 - INFO - access_connector - __init__:24 - AccessConnector using advanced database manager
2025-07-07 11:02:45,073 - INFO - access_connector - __init__:24 - AccessConnector using advanced database manager
2025-07-07 11:02:45,106 - INFO - main - validate_system_integrity:102 - Database validation successful - ML table has 175 records
2025-07-07 11:02:45,106 - INFO - main - validate_system_integrity:108 - System integrity validation passed
2025-07-07 11:03:04,501 - INFO - database_manager - check_health:104 - Database health check: degraded (response time: 0.024s)
2025-07-07 11:03:06,769 - INFO - database_manager - check_health:104 - Database health check: degraded (response time: 0.026s)
2025-07-07 11:03:11,211 - INFO - performance_monitor - stop_monitoring:132 - Performance monitoring stop requested
2025-07-07 11:03:11,212 - INFO - database_manager - stop_monitoring:45 - Database health monitoring stopped
2025-07-07 11:03:11,219 - INFO - database_manager - close_all:303 - All database connections closed
2025-07-07 11:03:11,219 - INFO - data_operations - close_data_operations:355 - DataOperations closed
2025-07-07 11:03:11,220 - INFO - database_manager - stop_monitoring:45 - Database health monitoring stopped
2025-07-07 11:03:11,220 - INFO - database_manager - close_all:303 - All database connections closed
2025-07-07 11:03:11,220 - INFO - main - <module>:438 - Advanced systems cleaned up successfully
2025-07-07 11:03:11,230 - INFO - performance_monitor - monitor_loop:125 - Performance monitoring stopped
2025-07-07 11:14:28,015 - INFO - main - setup_logging:64 - === JJCFPIS System Starting ===
2025-07-07 11:14:28,016 - INFO - main - setup_logging:65 - Version: 1.0.0
2025-07-07 11:14:28,016 - INFO - main - setup_logging:66 - Python Version: 3.13.3 (tags/v3.13.3:6280bb5, Apr  8 2025, 14:47:33) [MSC v.1943 64 bit (AMD64)]
2025-07-07 11:14:28,016 - INFO - main - setup_logging:67 - Working Directory: E:\JJCFPIS
2025-07-07 11:14:28,016 - INFO - main - setup_logging:68 - App Directory: e:\JJCFPIS\utils
2025-07-07 11:14:28,298 - INFO - database_manager - _initialize_pool:168 - Connection 1/5 added to pool
2025-07-07 11:14:28,317 - INFO - database_manager - _initialize_pool:168 - Connection 2/5 added to pool
2025-07-07 11:14:28,335 - INFO - database_manager - _initialize_pool:168 - Connection 3/5 added to pool
2025-07-07 11:14:28,353 - INFO - database_manager - _initialize_pool:168 - Connection 4/5 added to pool
2025-07-07 11:14:28,372 - INFO - database_manager - _initialize_pool:168 - Connection 5/5 added to pool
2025-07-07 11:14:28,372 - INFO - database_manager - start_monitoring:40 - Database health monitoring started
2025-07-07 11:14:28,373 - INFO - database_manager - initialize_database_manager:337 - Database manager initialized with pool size 5
2025-07-07 11:14:28,373 - INFO - main - <module>:233 - Advanced database manager initialized
2025-07-07 11:14:28,373 - INFO - smart_cache - track_file_dependency:336 - File dependency tracked: main_db -> e:\JJCFPIS\utils\database\JJCFPIS.accdb
2025-07-07 11:14:28,373 - INFO - data_operations - __init__:63 - Smart cache initialized for DataOperations
2025-07-07 11:14:28,374 - INFO - data_operations - __init__:74 - DataOperations using advanced database manager
2025-07-07 11:14:28,374 - INFO - data_operations - initialize_data_operations:370 - DataOperations initialized with database: e:\JJCFPIS\utils\database\JJCFPIS.accdb
2025-07-07 11:14:28,374 - INFO - main - <module>:237 - Smart data operations with caching initialized
2025-07-07 11:14:28,374 - INFO - performance_monitor - __init__:53 - Performance monitor initialized
2025-07-07 11:14:28,374 - INFO - performance_monitor - get_performance_monitor:361 - Performance monitor instance created
2025-07-07 11:14:28,375 - INFO - performance_monitor - monitor_loop:64 - Performance monitoring started
2025-07-07 11:14:28,375 - INFO - main - <module>:241 - Real-time performance monitoring started
2025-07-07 11:14:28,386 - INFO - access_connector - __init__:24 - AccessConnector using advanced database manager
2025-07-07 11:14:28,408 - INFO - database_manager - check_health:117 - Database health check: healthy (response time: 0.036s)
2025-07-07 11:14:28,413 - INFO - main - validate_system_integrity:102 - Database validation successful - ML table has 175 records
2025-07-07 11:14:28,413 - INFO - main - validate_system_integrity:108 - System integrity validation passed
2025-07-07 11:14:28,486 - INFO - main - create_system_backup:137 - Backed up: database/JJCFPIS.accdb
2025-07-07 11:14:28,490 - INFO - main - create_system_backup:137 - Backed up: database/logs.xlsx
2025-07-07 11:14:28,560 - INFO - main - create_system_backup:137 - Backed up: gui/config/emplst/Employee List.accdb
2025-07-07 11:14:28,561 - INFO - main - create_system_backup:142 - System backup completed: 3 files backed up to e:\JJCFPIS\utils\backups\20250707_111428
2025-07-07 11:14:28,564 - INFO - main - setup_logging:64 - === JJCFPIS System Starting ===
2025-07-07 11:14:28,564 - INFO - main - setup_logging:65 - Version: 1.0.0
2025-07-07 11:14:28,564 - INFO - main - setup_logging:66 - Python Version: 3.13.3 (tags/v3.13.3:6280bb5, Apr  8 2025, 14:47:33) [MSC v.1943 64 bit (AMD64)]
2025-07-07 11:14:28,565 - INFO - main - setup_logging:67 - Working Directory: E:\JJCFPIS
2025-07-07 11:14:28,565 - INFO - main - setup_logging:68 - App Directory: e:\JJCFPIS\utils
2025-07-07 11:14:28,635 - INFO - main - create_system_backup:137 - Backed up: database/JJCFPIS.accdb
2025-07-07 11:14:28,638 - INFO - main - create_system_backup:137 - Backed up: database/logs.xlsx
2025-07-07 11:14:28,708 - INFO - main - create_system_backup:137 - Backed up: gui/config/emplst/Employee List.accdb
2025-07-07 11:14:28,709 - INFO - main - create_system_backup:142 - System backup completed: 3 files backed up to e:\JJCFPIS\utils\backups\20250707_111428
2025-07-07 11:14:28,709 - INFO - access_connector - __init__:24 - AccessConnector using advanced database manager
2025-07-07 11:14:28,738 - INFO - main - validate_system_integrity:102 - Database validation successful - ML table has 175 records
2025-07-07 11:14:28,738 - INFO - main - validate_system_integrity:108 - System integrity validation passed
2025-07-07 11:14:41,486 - INFO - main - start_welcome_window:381 - Starting welcome window...
2025-07-07 11:14:58,436 - INFO - database_manager - check_health:117 - Database health check: healthy (response time: 0.027s)
2025-07-07 11:15:21,893 - INFO - access_connector - __init__:24 - AccessConnector using advanced database manager
2025-07-07 11:15:21,917 - INFO - access_connector - __init__:24 - AccessConnector using advanced database manager
2025-07-07 11:15:22,351 - INFO - access_connector - __init__:24 - AccessConnector using advanced database manager
2025-07-07 11:15:24,047 - INFO - system_diagnostics - __init__:67 - Advanced monitoring systems initialized successfully
2025-07-07 11:15:28,465 - INFO - database_manager - check_health:117 - Database health check: healthy (response time: 0.028s)
2025-07-07 11:15:58,491 - INFO - database_manager - check_health:117 - Database health check: healthy (response time: 0.025s)
2025-07-07 11:16:10,419 - INFO - main - setup_logging:64 - === JJCFPIS System Starting ===
2025-07-07 11:16:10,419 - INFO - main - setup_logging:65 - Version: 1.0.0
2025-07-07 11:16:10,420 - INFO - main - setup_logging:66 - Python Version: 3.13.3 (tags/v3.13.3:6280bb5, Apr  8 2025, 14:47:33) [MSC v.1943 64 bit (AMD64)]
2025-07-07 11:16:10,420 - INFO - main - setup_logging:67 - Working Directory: E:\JJCFPIS
2025-07-07 11:16:10,420 - INFO - main - setup_logging:68 - App Directory: e:\JJCFPIS\utils
2025-07-07 11:16:10,440 - INFO - database_manager - _initialize_pool:168 - Connection 1/5 added to pool
2025-07-07 11:16:10,459 - INFO - database_manager - _initialize_pool:168 - Connection 2/5 added to pool
2025-07-07 11:16:10,491 - INFO - database_manager - _initialize_pool:168 - Connection 3/5 added to pool
2025-07-07 11:16:10,516 - INFO - database_manager - _initialize_pool:168 - Connection 4/5 added to pool
2025-07-07 11:16:10,541 - INFO - database_manager - _initialize_pool:168 - Connection 5/5 added to pool
2025-07-07 11:16:10,542 - INFO - database_manager - start_monitoring:40 - Database health monitoring started
2025-07-07 11:16:10,542 - INFO - database_manager - initialize_database_manager:337 - Database manager initialized with pool size 5
2025-07-07 11:16:10,542 - INFO - main - <module>:233 - Advanced database manager initialized
2025-07-07 11:16:10,542 - INFO - smart_cache - track_file_dependency:336 - File dependency tracked: main_db -> e:\JJCFPIS\utils\database\JJCFPIS.accdb
2025-07-07 11:16:10,542 - INFO - data_operations - __init__:63 - Smart cache initialized for DataOperations
2025-07-07 11:16:10,543 - INFO - data_operations - __init__:74 - DataOperations using advanced database manager
2025-07-07 11:16:10,543 - INFO - data_operations - initialize_data_operations:370 - DataOperations initialized with database: e:\JJCFPIS\utils\database\JJCFPIS.accdb
2025-07-07 11:16:10,543 - INFO - main - <module>:237 - Smart data operations with caching initialized
2025-07-07 11:16:10,543 - WARNING - performance_monitor - start_monitoring:58 - Performance monitoring already active
2025-07-07 11:16:10,543 - INFO - main - <module>:241 - Real-time performance monitoring started
2025-07-07 11:16:10,543 - INFO - access_connector - __init__:24 - AccessConnector using advanced database manager
2025-07-07 11:16:10,580 - INFO - database_manager - check_health:117 - Database health check: healthy (response time: 0.039s)
2025-07-07 11:16:10,582 - INFO - main - validate_system_integrity:102 - Database validation successful - ML table has 175 records
2025-07-07 11:16:10,582 - INFO - main - validate_system_integrity:108 - System integrity validation passed
2025-07-07 11:16:10,653 - INFO - main - create_system_backup:137 - Backed up: database/JJCFPIS.accdb
2025-07-07 11:16:10,656 - INFO - main - create_system_backup:137 - Backed up: database/logs.xlsx
2025-07-07 11:16:10,727 - INFO - main - create_system_backup:137 - Backed up: gui/config/emplst/Employee List.accdb
2025-07-07 11:16:10,728 - INFO - main - create_system_backup:142 - System backup completed: 3 files backed up to e:\JJCFPIS\utils\backups\20250707_111610
2025-07-07 11:16:10,728 - INFO - access_connector - __init__:24 - AccessConnector using advanced database manager
2025-07-07 11:16:10,756 - INFO - main - validate_system_integrity:102 - Database validation successful - ML table has 175 records
2025-07-07 11:16:10,759 - INFO - main - validate_system_integrity:108 - System integrity validation passed
2025-07-07 11:16:27,757 - INFO - performance_monitor - stop_monitoring:132 - Performance monitoring stop requested
2025-07-07 11:16:27,757 - INFO - database_manager - stop_monitoring:45 - Database health monitoring stopped
2025-07-07 11:16:27,765 - INFO - database_manager - close_all:316 - All database connections closed
2025-07-07 11:16:27,766 - INFO - data_operations - close_data_operations:382 - DataOperations closed
2025-07-07 11:16:27,766 - INFO - database_manager - stop_monitoring:45 - Database health monitoring stopped
2025-07-07 11:16:27,766 - INFO - database_manager - close_all:316 - All database connections closed
2025-07-07 11:16:27,766 - INFO - main - <module>:438 - Advanced systems cleaned up successfully
